<?xml version="1.0" encoding="UTF-8"?>
<!-- Generated by org.testng.reporters.JUnitXMLReporter -->
<testsuite ignored="1" hostname="DESKTOP-THE02U2" failures="0" tests="2" name="Test" time="21.541" errors="0" timestamp="03 Feb 2023 08:32:19 GMT">
  <testcase classname="clinicotest.elabassist.pageobjects.BaseClass" name="@BeforeClass setup" time="0.0">
    <failure type="java.lang.NullPointerException" message="Cannot invoke &amp;quot;clinicotest.elabassist.utility.ConfigDataProvider.getBrowser()&amp;quot; because &amp;quot;this.config&amp;quot; is null">
      <![CDATA[java.lang.NullPointerException: Cannot invoke "clinicotest.elabassist.utility.ConfigDataProvider.getBrowser()" because "this.config" is null
at clinicotest.elabassist.pageobjects.BaseClass.setup(BaseClass.java:44)
... Removed 24 stack frames]]>
    </failure>
  </testcase> <!-- @BeforeClass setup -->
  <testcase classname="clinicotest.elabassist.pageobjects.BaseClass" name="@AfterMethod tearDownMethod" time="0.0">
    <skipped/>
  </testcase> <!-- @AfterMethod tearDownMethod -->
  <testcase classname="clinicotest.elabassist.pageobjects.BaseClass" name="@AfterClass tearDown" time="0.0">
    <skipped/>
  </testcase> <!-- @AfterClass tearDown -->
  <testcase classname="clinicotest.elabassist.testcase.TC_LoginTest_001" name="testLogin" time="8.492"/>
  <testcase classname="clinicotest.elabassist.testcase.TC_PateintRegistration_002" name="testPateintRegistration" time="0.0">
    <skipped/>
  </testcase> <!-- testPateintRegistration -->
  <testcase classname="clinicotest.elabassist.pageobjects.BaseClass" name="@BeforeSuite setupSuite" time="0.0">
    <ignored/>
  </testcase> <!-- @BeforeSuite setupSuite -->
</testsuite> <!-- Test -->
