<?xml version="1.0" encoding="UTF-8"?>
<testng-results ignored="1" total="3" passed="1" failed="0" skipped="1">
  <reporter-output>
  </reporter-output>
  <suite started-at="2023-02-03T08:31:57Z" name="Suite" finished-at="2023-02-03T08:32:19Z" duration-ms="21541">
    <groups>
    </groups>
    <test started-at="2023-02-03T08:31:57Z" name="Test" finished-at="2023-02-03T08:32:19Z" duration-ms="21541">
      <class name="clinicotest.elabassist.testcase.TC_PateintRegistration_002">
        <test-method is-config="true" signature="setup()[pri:0, instance:clinicotest.elabassist.testcase.TC_PateintRegistration_002@51549490]" started-at="2023-02-03T08:32:19Z" name="setup" finished-at="2023-02-03T08:32:19Z" duration-ms="0" status="FAIL">
          <exception class="java.lang.NullPointerException">
            <message>
              <![CDATA[Cannot invoke "clinicotest.elabassist.utility.ConfigDataProvider.getBrowser()" because "this.config" is null]]>
            </message>
            <full-stacktrace>
              <![CDATA[java.lang.NullPointerException: Cannot invoke "clinicotest.elabassist.utility.ConfigDataProvider.getBrowser()" because "this.config" is null
at clinicotest.elabassist.pageobjects.BaseClass.setup(BaseClass.java:44)
at java.base/jdk.internal.reflect.DirectMethodHandleAccessor.invoke(DirectMethodHandleAccessor.java:104)
at java.base/java.lang.reflect.Method.invoke(Method.java:577)
at org.testng.internal.MethodInvocationHelper.invokeMethod(MethodInvocationHelper.java:124)
at org.testng.internal.MethodInvocationHelper.invokeMethodConsideringTimeout(MethodInvocationHelper.java:59)
at org.testng.internal.Invoker.invokeConfigurationMethod(Invoker.java:458)
at org.testng.internal.Invoker.invokeConfigurations(Invoker.java:222)
at org.testng.internal.Invoker.invokeConfigurations(Invoker.java:142)
at org.testng.internal.TestMethodWorker.invokeBeforeClassMethods(TestMethodWorker.java:168)
at org.testng.internal.TestMethodWorker.run(TestMethodWorker.java:105)
at org.testng.TestRunner.privateRun(TestRunner.java:648)
at org.testng.TestRunner.run(TestRunner.java:505)
at org.testng.SuiteRunner.runTest(SuiteRunner.java:455)
at org.testng.SuiteRunner.runSequentially(SuiteRunner.java:450)
at org.testng.SuiteRunner.privateRun(SuiteRunner.java:415)
at org.testng.SuiteRunner.run(SuiteRunner.java:364)
at org.testng.SuiteRunnerWorker.runSuite(SuiteRunnerWorker.java:52)
at org.testng.SuiteRunnerWorker.run(SuiteRunnerWorker.java:84)
at org.testng.TestNG.runSuitesSequentially(TestNG.java:1208)
at org.testng.TestNG.runSuitesLocally(TestNG.java:1137)
at org.testng.TestNG.runSuites(TestNG.java:1049)
at org.testng.TestNG.run(TestNG.java:1017)
at org.testng.remote.AbstractRemoteTestNG.run(AbstractRemoteTestNG.java:115)
at org.testng.remote.RemoteTestNG.initAndRun(RemoteTestNG.java:251)
at org.testng.remote.RemoteTestNG.main(RemoteTestNG.java:77)
]]>
            </full-stacktrace>
          </exception> <!-- java.lang.NullPointerException -->
          <reporter-output>
          </reporter-output>
        </test-method> <!-- setup -->
        <test-method signature="testPateintRegistration()[pri:0, instance:clinicotest.elabassist.testcase.TC_PateintRegistration_002@51549490]" started-at="2023-02-03T08:32:19Z" name="testPateintRegistration" finished-at="2023-02-03T08:32:19Z" duration-ms="0" status="SKIP">
          <exception class="java.lang.NullPointerException">
            <message>
              <![CDATA[Cannot invoke "clinicotest.elabassist.utility.ConfigDataProvider.getBrowser()" because "this.config" is null]]>
            </message>
            <full-stacktrace>
              <![CDATA[java.lang.NullPointerException: Cannot invoke "clinicotest.elabassist.utility.ConfigDataProvider.getBrowser()" because "this.config" is null
at clinicotest.elabassist.pageobjects.BaseClass.setup(BaseClass.java:44)
at java.base/jdk.internal.reflect.DirectMethodHandleAccessor.invoke(DirectMethodHandleAccessor.java:104)
at java.base/java.lang.reflect.Method.invoke(Method.java:577)
at org.testng.internal.MethodInvocationHelper.invokeMethod(MethodInvocationHelper.java:124)
at org.testng.internal.MethodInvocationHelper.invokeMethodConsideringTimeout(MethodInvocationHelper.java:59)
at org.testng.internal.Invoker.invokeConfigurationMethod(Invoker.java:458)
at org.testng.internal.Invoker.invokeConfigurations(Invoker.java:222)
at org.testng.internal.Invoker.invokeConfigurations(Invoker.java:142)
at org.testng.internal.TestMethodWorker.invokeBeforeClassMethods(TestMethodWorker.java:168)
at org.testng.internal.TestMethodWorker.run(TestMethodWorker.java:105)
at org.testng.TestRunner.privateRun(TestRunner.java:648)
at org.testng.TestRunner.run(TestRunner.java:505)
at org.testng.SuiteRunner.runTest(SuiteRunner.java:455)
at org.testng.SuiteRunner.runSequentially(SuiteRunner.java:450)
at org.testng.SuiteRunner.privateRun(SuiteRunner.java:415)
at org.testng.SuiteRunner.run(SuiteRunner.java:364)
at org.testng.SuiteRunnerWorker.runSuite(SuiteRunnerWorker.java:52)
at org.testng.SuiteRunnerWorker.run(SuiteRunnerWorker.java:84)
at org.testng.TestNG.runSuitesSequentially(TestNG.java:1208)
at org.testng.TestNG.runSuitesLocally(TestNG.java:1137)
at org.testng.TestNG.runSuites(TestNG.java:1049)
at org.testng.TestNG.run(TestNG.java:1017)
at org.testng.remote.AbstractRemoteTestNG.run(AbstractRemoteTestNG.java:115)
at org.testng.remote.RemoteTestNG.initAndRun(RemoteTestNG.java:251)
at org.testng.remote.RemoteTestNG.main(RemoteTestNG.java:77)
]]>
            </full-stacktrace>
          </exception> <!-- java.lang.NullPointerException -->
          <reporter-output>
          </reporter-output>
        </test-method> <!-- testPateintRegistration -->
        <test-method is-config="true" signature="tearDownMethod(org.testng.ITestResult)[pri:0, instance:clinicotest.elabassist.testcase.TC_PateintRegistration_002@51549490]" started-at="2023-02-03T08:32:19Z" name="tearDownMethod" finished-at="2023-02-03T08:32:19Z" duration-ms="0" status="SKIP">
          <reporter-output>
          </reporter-output>
        </test-method> <!-- tearDownMethod -->
        <test-method is-config="true" signature="tearDown()[pri:0, instance:clinicotest.elabassist.testcase.TC_PateintRegistration_002@51549490]" started-at="2023-02-03T08:32:19Z" name="tearDown" finished-at="2023-02-03T08:32:19Z" duration-ms="0" status="SKIP">
          <reporter-output>
          </reporter-output>
        </test-method> <!-- tearDown -->
      </class> <!-- clinicotest.elabassist.testcase.TC_PateintRegistration_002 -->
      <class name="clinicotest.elabassist.testcase.TC_LoginTest_001">
        <test-method is-config="true" signature="setupSuite()[pri:0, instance:clinicotest.elabassist.testcase.TC_LoginTest_001@1e8b7643]" started-at="2023-02-03T08:31:55Z" name="setupSuite" finished-at="2023-02-03T08:31:57Z" duration-ms="2432" status="PASS">
          <reporter-output>
          </reporter-output>
        </test-method> <!-- setupSuite -->
        <test-method is-config="true" signature="setup()[pri:0, instance:clinicotest.elabassist.testcase.TC_LoginTest_001@1e8b7643]" started-at="2023-02-03T08:31:57Z" name="setup" finished-at="2023-02-03T08:32:07Z" duration-ms="9214" status="PASS">
          <reporter-output>
          </reporter-output>
        </test-method> <!-- setup -->
        <test-method signature="testLogin()[pri:0, instance:clinicotest.elabassist.testcase.TC_LoginTest_001@1e8b7643]" started-at="2023-02-03T08:32:07Z" name="testLogin" finished-at="2023-02-03T08:32:15Z" duration-ms="8492" status="PASS">
          <reporter-output>
          </reporter-output>
        </test-method> <!-- testLogin -->
        <test-method is-config="true" signature="tearDownMethod(org.testng.ITestResult)[pri:0, instance:clinicotest.elabassist.testcase.TC_LoginTest_001@1e8b7643]" started-at="2023-02-03T08:32:15Z" name="tearDownMethod" finished-at="2023-02-03T08:32:17Z" duration-ms="2094" status="PASS">
          <params>
            <param index="0">
              <value>
                <![CDATA[[TestResult name=testLogin status=SUCCESS method=TC_LoginTest_001.testLogin()[pri:0, instance:clinicotest.elabassist.testcase.TC_LoginTest_001@1e8b7643] output={null}]]]>
              </value>
            </param>
          </params>
          <reporter-output>
          </reporter-output>
        </test-method> <!-- tearDownMethod -->
        <test-method is-config="true" signature="tearDown()[pri:0, instance:clinicotest.elabassist.testcase.TC_LoginTest_001@1e8b7643]" started-at="2023-02-03T08:32:17Z" name="tearDown" finished-at="2023-02-03T08:32:19Z" duration-ms="1603" status="PASS">
          <reporter-output>
          </reporter-output>
        </test-method> <!-- tearDown -->
      </class> <!-- clinicotest.elabassist.testcase.TC_LoginTest_001 -->
    </test> <!-- Test -->
  </suite> <!-- Suite -->
</testng-results>
