<?xml version="1.0" encoding="UTF-8"?>
<testng-results ignored="0" total="1" passed="1" failed="0" skipped="0">
  <reporter-output>
  </reporter-output>
  <suite started-at="2023-03-09T10:20:06Z" name="Default suite" finished-at="2023-03-09T10:20:27Z" duration-ms="20946">
    <groups>
    </groups>
    <test started-at="2023-03-09T10:20:06Z" name="Default test" finished-at="2023-03-09T10:20:27Z" duration-ms="20946">
      <class name="clinicotest.elabassist.testcase.TC_PateintRegistration_002">
        <test-method is-config="true" signature="setupSuite()[pri:0, instance:clinicotest.elabassist.testcase.TC_PateintRegistration_002@50de186c]" started-at="2023-03-09T10:20:04Z" name="setupSuite" finished-at="2023-03-09T10:20:06Z" duration-ms="1639" status="PASS">
          <reporter-output>
          </reporter-output>
        </test-method> <!-- setupSuite -->
        <test-method is-config="true" signature="setup()[pri:0, instance:clinicotest.elabassist.testcase.TC_PateintRegistration_002@50de186c]" started-at="2023-03-09T10:20:06Z" name="setup" finished-at="2023-03-09T10:20:13Z" duration-ms="6693" status="PASS">
          <reporter-output>
          </reporter-output>
        </test-method> <!-- setup -->
        <test-method signature="testPateintRegistration()[pri:0, instance:clinicotest.elabassist.testcase.TC_PateintRegistration_002@50de186c]" started-at="2023-03-09T10:20:13Z" name="testPateintRegistration" finished-at="2023-03-09T10:20:25Z" duration-ms="12521" status="PASS">
          <reporter-output>
          </reporter-output>
        </test-method> <!-- testPateintRegistration -->
        <test-method is-config="true" signature="tearDownMethod(org.testng.ITestResult)[pri:0, instance:clinicotest.elabassist.testcase.TC_PateintRegistration_002@50de186c]" started-at="2023-03-09T10:20:25Z" name="tearDownMethod" finished-at="2023-03-09T10:20:26Z" duration-ms="1030" status="PASS">
          <params>
            <param index="0">
              <value>
                <![CDATA[[TestResult name=testPateintRegistration status=SUCCESS method=TC_PateintRegistration_002.testPateintRegistration()[pri:0, instance:clinicotest.elabassist.testcase.TC_PateintRegistration_002@50de186c] output={null}]]]>
              </value>
            </param>
          </params>
          <reporter-output>
          </reporter-output>
        </test-method> <!-- tearDownMethod -->
        <test-method is-config="true" signature="tearDown()[pri:0, instance:clinicotest.elabassist.testcase.TC_PateintRegistration_002@50de186c]" started-at="2023-03-09T10:20:26Z" name="tearDown" finished-at="2023-03-09T10:20:27Z" duration-ms="659" status="PASS">
          <reporter-output>
          </reporter-output>
        </test-method> <!-- tearDown -->
      </class> <!-- clinicotest.elabassist.testcase.TC_PateintRegistration_002 -->
    </test> <!-- Default test -->
  </suite> <!-- Default suite -->
</testng-results>
